<?xml version="1.0" encoding="UTF-8"?>
<!-- Generated by org.testng.reporters.JUnitReportReporter -->
<testsuite hostname="DESKTOP-93B8F71" failures="0" tests="2" name="testCases.LoginWithParamater" time="24.305" errors="0" timestamp="2022-08-14T18:31:51 EDT" skipped="0">
  <testcase classname="testCases.LoginWithParamater" name="loginTest" time="11.398"/>
  <system-out/>
  <testcase classname="testCases.LoginWithParamater" name="loginTest" time="12.907"/>
  <system-out/>
</testsuite> <!-- testCases.LoginWithParamater -->
