<?xml version="1.0" encoding="UTF-8"?>
<!-- Generated by org.testng.reporters.JUnitReportReporter -->
<testsuite hostname="DESKTOP-93B8F71" failures="0" tests="1" name="pageObjects.homePage" time="0.005" errors="0" timestamp="2022-08-07T10:07:03 EDT" skipped="0">
  <testcase classname="pageObjects.homePage" name="loginTest" time="0.005"/>
  <system-out/>
</testsuite> <!-- pageObjects.homePage -->
