<?xml version="1.0" encoding="UTF-8"?>
<!-- Generated by org.testng.reporters.JUnitReportReporter -->
<testsuite hostname="DESKTOP-93B8F71" failures="0" tests="2" name="testCases.LoginWithParamater" time="16.548" errors="0" timestamp="2022-08-15T13:24:22 EDT" skipped="0">
  <testcase classname="testCases.LoginWithParamater" name="loginTest" time="8.359"/>
  <system-out/>
  <testcase classname="testCases.LoginWithParamater" name="loginTest" time="8.189"/>
  <system-out/>
</testsuite> <!-- testCases.LoginWithParamater -->
