<?xml version="1.0" encoding="UTF-8"?>
<!-- Generated by org.testng.reporters.JUnitReportReporter -->
<testsuite hostname="DESKTOP-93B8F71" failures="0" tests="2" name="testCases.LoginWithParamater" time="17.865" errors="0" timestamp="2022-08-17T17:52:14 EDT" skipped="0">
  <testcase classname="testCases.LoginWithParamater" name="loginTest" time="8.717"/>
  <system-out/>
  <testcase classname="testCases.LoginWithParamater" name="loginTest" time="9.148"/>
  <system-out/>
</testsuite> <!-- testCases.LoginWithParamater -->
