<?xml version="1.0" encoding="UTF-8"?>
<!-- Generated by org.testng.reporters.JUnitReportReporter -->
<testsuite hostname="DESKTOP-93B8F71" failures="0" tests="2" name="testCases.LoginWithParamater" time="18.660" errors="0" timestamp="2022-08-16T12:27:40 EDT" skipped="0">
  <testcase classname="testCases.LoginWithParamater" name="loginTest" time="9.384"/>
  <system-out/>
  <testcase classname="testCases.LoginWithParamater" name="loginTest" time="9.276"/>
  <system-out/>
</testsuite> <!-- testCases.LoginWithParamater -->
