<?xml version="1.0" encoding="UTF-8"?>
<!-- Generated by org.testng.reporters.JUnitReportReporter -->
<testsuite hostname="DESKTOP-93B8F71" failures="0" tests="2" name="testCases.LoginWithParamater" time="17.826" errors="0" timestamp="2022-08-15T13:04:12 EDT" skipped="0">
  <testcase classname="testCases.LoginWithParamater" name="loginTest" time="8.304"/>
  <system-out/>
  <testcase classname="testCases.LoginWithParamater" name="loginTest" time="9.522"/>
  <system-out/>
</testsuite> <!-- testCases.LoginWithParamater -->
