<?xml version="1.0" encoding="UTF-8"?>
<!-- Generated by org.testng.reporters.JUnitReportReporter -->
<testsuite hostname="DESKTOP-93B8F71" failures="0" tests="2" name="testCases.LoginWithParamater" time="15.820" errors="0" timestamp="2022-08-16T11:17:48 EDT" skipped="0">
  <testcase classname="testCases.LoginWithParamater" name="loginTest" time="7.947"/>
  <system-out/>
  <testcase classname="testCases.LoginWithParamater" name="loginTest" time="7.873"/>
  <system-out/>
</testsuite> <!-- testCases.LoginWithParamater -->
