<?xml version="1.0" encoding="UTF-8"?>
<!-- Generated by org.testng.reporters.JUnitReportReporter -->
<testsuite hostname="DESKTOP-93B8F71" failures="0" tests="1" name="testCases.LoginPageTest" time="13.326" errors="0" timestamp="2022-08-16T16:09:55 EDT" skipped="0">
  <testcase classname="testCases.LoginPageTest" name="loginTest" time="13.326"/>
  <system-out/>
</testsuite> <!-- testCases.LoginPageTest -->
