<?xml version="1.0" encoding="UTF-8"?>
<!-- Generated by org.testng.reporters.JUnitReportReporter -->
<testsuite hostname="DESKTOP-93B8F71" failures="0" tests="2" name="testCases.LoginWithParamater" time="18.554" errors="0" timestamp="2022-08-24T10:07:06 EDT" skipped="0">
  <testcase classname="testCases.LoginWithParamater" name="loginTest" time="8.533"/>
  <system-out/>
  <testcase classname="testCases.LoginWithParamater" name="loginTest" time="10.021"/>
  <system-out/>
</testsuite> <!-- testCases.LoginWithParamater -->
