<?xml version="1.0" encoding="UTF-8"?>
<!-- Generated by org.testng.reporters.JUnitReportReporter -->
<testsuite hostname="DESKTOP-93B8F71" failures="0" tests="1" name="testCases.LoginPageTest" time="12.529" errors="0" timestamp="2022-08-15T13:04:12 EDT" skipped="0">
  <testcase classname="testCases.LoginPageTest" name="loginTest" time="12.529"/>
  <system-out/>
</testsuite> <!-- testCases.LoginPageTest -->
