<?xml version="1.0" encoding="UTF-8"?>
<!-- Generated by org.testng.reporters.JUnitReportReporter -->
<testsuite hostname="DESKTOP-93B8F71" failures="0" tests="1" name="testCases.LoginPageTest" time="11.988" errors="0" timestamp="2022-08-15T13:24:22 EDT" skipped="0">
  <testcase classname="testCases.LoginPageTest" name="loginTest" time="11.988"/>
  <system-out/>
</testsuite> <!-- testCases.LoginPageTest -->
