<?xml version="1.0" encoding="UTF-8"?>
<!-- Generated by org.testng.reporters.JUnitReportReporter -->
<testsuite hostname="DESKTOP-93B8F71" failures="0" tests="2" name="testCases.LoginWithParamater" time="17.140" errors="0" timestamp="2022-08-16T08:29:09 EDT" skipped="0">
  <testcase classname="testCases.LoginWithParamater" name="loginTest" time="8.967"/>
  <system-out/>
  <testcase classname="testCases.LoginWithParamater" name="loginTest" time="8.173"/>
  <system-out/>
</testsuite> <!-- testCases.LoginWithParamater -->
