<?xml version="1.0" encoding="UTF-8"?>
<!-- Generated by org.testng.reporters.JUnitReportReporter -->
<testsuite hostname="DESKTOP-93B8F71" failures="0" tests="1" name="testCases.LoginPageTest" time="11.800" errors="0" timestamp="2022-08-16T12:27:40 EDT" skipped="0">
  <testcase classname="testCases.LoginPageTest" name="loginTest" time="11.800"/>
  <system-out/>
</testsuite> <!-- testCases.LoginPageTest -->
