<?xml version="1.0" encoding="UTF-8"?>
<!-- Generated by org.testng.reporters.JUnitReportReporter -->
<testsuite hostname="DESKTOP-93B8F71" failures="0" tests="1" name="testCases.LoginPageTest" time="11.284" errors="0" timestamp="2022-08-14T18:29:10 EDT" skipped="0">
  <testcase classname="testCases.LoginPageTest" name="loginTest" time="11.284"/>
  <system-out/>
</testsuite> <!-- testCases.LoginPageTest -->
