<?xml version="1.0" encoding="UTF-8"?>
<!-- Generated by org.testng.reporters.JUnitReportReporter -->
<testsuite hostname="DESKTOP-93B8F71" failures="0" tests="2" name="testCases.LoginWithParamater" time="14.839" errors="0" timestamp="2022-08-24T10:28:21 EDT" skipped="0">
  <testcase classname="testCases.LoginWithParamater" name="loginTest" time="7.469"/>
  <system-out/>
  <testcase classname="testCases.LoginWithParamater" name="loginTest" time="7.370"/>
  <system-out/>
</testsuite> <!-- testCases.LoginWithParamater -->
