<?xml version="1.0" encoding="UTF-8"?>
<!-- Generated by org.testng.reporters.JUnitReportReporter -->
<testsuite hostname="DESKTOP-93B8F71" failures="0" tests="2" name="testCases.LoginWithParamater" time="17.080" errors="0" timestamp="2022-08-14T18:29:10 EDT" skipped="0">
  <testcase classname="testCases.LoginWithParamater" name="loginTest" time="8.131"/>
  <system-out/>
  <testcase classname="testCases.LoginWithParamater" name="loginTest" time="8.949"/>
  <system-out/>
</testsuite> <!-- testCases.LoginWithParamater -->
