<?xml version="1.0" encoding="UTF-8"?>
<!-- Generated by org.testng.reporters.JUnitReportReporter -->
<testsuite hostname="DESKTOP-93B8F71" failures="0" tests="1" name="testCases.LoginPageTest" time="14.867" errors="0" timestamp="2022-08-23T17:08:49 EDT" skipped="0">
  <testcase classname="testCases.LoginPageTest" name="loginTest" time="14.867"/>
  <system-out/>
</testsuite> <!-- testCases.LoginPageTest -->
