<?xml version="1.0" encoding="UTF-8"?>
<!-- Generated by org.testng.reporters.JUnitReportReporter -->
<testsuite hostname="DESKTOP-93B8F71" failures="0" tests="2" name="testCases.LoginWithParamater" time="15.042" errors="0" timestamp="2022-08-24T10:08:34 EDT" skipped="0">
  <testcase classname="testCases.LoginWithParamater" name="loginTest" time="7.626"/>
  <system-out/>
  <testcase classname="testCases.LoginWithParamater" name="loginTest" time="7.416"/>
  <system-out/>
</testsuite> <!-- testCases.LoginWithParamater -->
