<?xml version="1.0" encoding="UTF-8"?>
<!-- Generated by org.testng.reporters.JUnitReportReporter -->
<testsuite hostname="DESKTOP-93B8F71" failures="0" tests="1" name="testCases.LoginPageTest" time="10.024" errors="0" timestamp="2022-08-24T10:28:21 EDT" skipped="0">
  <testcase classname="testCases.LoginPageTest" name="loginTest" time="10.024"/>
  <system-out/>
</testsuite> <!-- testCases.LoginPageTest -->
